<?xml version="1.0" encoding="UTF-8"?>
<testsuite xmlns:xsi="http://www.w3.org/2001/XMLSchema-instance" xsi:noNamespaceSchemaLocation="https://maven.apache.org/surefire/maven-surefire-plugin/xsd/surefire-test-report-3.0.xsd" version="3.0" name="test.TestRunner" time="106.388" tests="7" errors="0" skipped="0" failures="0">
  <properties>
[...]
</properties>
  <testcase name="Check login is successful with valid credentials" classname="Test login functionalities" time="15.819">
    <system-out><![CDATA[
@LoginTest @PositiveTest
Scenario: Check login is successful with valid credentials &amp#27;[90m# src/test/resources/Features/positiveNegativeDatadriven.feature:5&amp#27;[0m
10:57:44.618 [main] INFO  stepDefinition_cucumber.Hooks - Launch Chrome Browser
10:57:48.537 [main] INFO  stepDefinition_cucumber.PositiveNegativeSteps - User is in the login page
  &amp#27;[32mGiven &amp#27;[0m&amp#27;[32ma user is on the login page&amp#27;[0m                        &amp#27;[90m# stepDefinition_cucumber.PositiveNegativeSteps.navigateToLoginPage()&amp#27;[0m
10:57:49.351 [main] INFO  stepDefinition_cucumber.PositiveNegativeSteps - User has enter valid credentials
  &amp#27;[32mWhen &amp#27;[0m&amp#27;[32muser enters username "&amp#27;[0m&amp#27;[32m&amp#27;[1mmamun&amp#27;[0m&amp#27;[32m" and password "&amp#27;[0m&amp#27;[32m&amp#27;[1m12345&amp#27;[0m&amp#27;[32m"&amp#27;[0m   &amp#27;[90m# stepDefinition_cucumber.PositiveNegativeSteps.enterUserCredentials(java.lang.String,java.lang.String)&amp#27;[0m
10:57:49.594 [main] INFO  stepDefinition_cucumber.PositiveNegativeSteps - User enter on login button
  &amp#27;[32mAnd &amp#27;[0m&amp#27;[32mclick on login button&amp#27;[0m                                &amp#27;[90m# stepDefinition_cucumber.PositiveNegativeSteps.clickOnLoginButton()&amp#27;[0m
10:57:49.734 [main] INFO  stepDefinition_cucumber.PositiveNegativeSteps - User is in the home page
  &amp#27;[32mThen &amp#27;[0m&amp#27;[32muser is navigated to the home page&amp#27;[0m                  &amp#27;[90m# stepDefinition_cucumber.PositiveNegativeSteps.validateUserLoggedSuccessfully()&amp#27;[0m
10:57:52.355 [main] INFO  stepDefinition_cucumber.Hooks - Close Chrome Browser
]]></system-out>
    <system-err><![CDATA[SLF4J: Failed to load class "org.slf4j.impl.StaticLoggerBinder".
SLF4J: Defaulting to no-operation (NOP) logger implementation
SLF4J: See http://www.slf4j.org/codes.html#StaticLoggerBinder for further details.
Starting ChromeDriver 87.0.4280.88 (89e2380a3e36c3464b5dd1302349b1382549290d-refs/branch-heads/4280@{#1761}) on port 30562
Only local connections are allowed.
Please see https://chromedriver.chromium.org/security-considerations for suggestions on keeping ChromeDriver safe.
ChromeDriver was started successfully.
Dec 06, 2020 10:57:44 AM org.openqa.selenium.remote.ProtocolHandshake createSession
INFO: Detected dialect: W3C
]]></system-err>
  </testcase>
  <testcase name="Check login is unsuccessful with invalid credentials #1" classname="Test login functionalities" time="10.415">
    <system-out><![CDATA[
@LoginTest @NegativeTest
Scenario: Check login is unsuccessful with invalid credentials &amp#27;[90m# src/test/resources/Features/positiveNegativeDatadriven.feature:11&amp#27;[0m
10:57:57.093 [main] INFO  stepDefinition_cucumber.Hooks - Launch Chrome Browser
10:58:00.598 [main] INFO  stepDefinition_cucumber.PositiveNegativeSteps - User is in the login page
  &amp#27;[32mGiven &amp#27;[0m&amp#27;[32ma user is on the login page&amp#27;[0m                            &amp#27;[90m# stepDefinition_cucumber.PositiveNegativeSteps.navigateToLoginPage()&amp#27;[0m
10:58:01.156 [main] INFO  stepDefinition_cucumber.PositiveNegativeSteps - User has enter valid credentials
  &amp#27;[32mWhen &amp#27;[0m&amp#27;[32muser enters username "&amp#27;[0m&amp#27;[32m&amp#27;[1mmamun&amp#27;[0m&amp#27;[32m" and password "&amp#27;[0m&amp#27;[32m&amp#27;[1m444444&amp#27;[0m&amp#27;[32m"&amp#27;[0m      &amp#27;[90m# stepDefinition_cucumber.PositiveNegativeSteps.enterUserCredentials(java.lang.String,java.lang.String)&amp#27;[0m
10:58:01.284 [main] INFO  stepDefinition_cucumber.PositiveNegativeSteps - User enter on login button
  &amp#27;[32mAnd &amp#27;[0m&amp#27;[32mclick on login button&amp#27;[0m                                    &amp#27;[90m# stepDefinition_cucumber.PositiveNegativeSteps.clickOnLoginButton()&amp#27;[0m
10:58:01.363 [main] INFO  stepDefinition_cucumber.PositiveNegativeSteps - User still in log in page
  &amp#27;[32mThen &amp#27;[0m&amp#27;[32muser is failed to login&amp#27;[0m                                 &amp#27;[90m# stepDefinition_cucumber.PositiveNegativeSteps.validateUserFailedToLogIN()&amp#27;[0m
10:58:02.788 [main] INFO  stepDefinition_cucumber.Hooks - Close Chrome Browser
]]></system-out>
    <system-err><![CDATA[Starting ChromeDriver 87.0.4280.88 (89e2380a3e36c3464b5dd1302349b1382549290d-refs/branch-heads/4280@{#1761}) on port 15442
Only local connections are allowed.
Please see https://chromedriver.chromium.org/security-considerations for suggestions on keeping ChromeDriver safe.
ChromeDriver was started successfully.
Dec 06, 2020 10:57:57 AM org.openqa.selenium.remote.ProtocolHandshake createSession
INFO: Detected dialect: W3C
]]></system-err>
  </testcase>
  <testcase name="Check login is unsuccessful with invalid credentials #2" classname="Test login functionalities" time="9.986">
    <system-out><![CDATA[
@LoginTest @negativeTest1
Scenario: Check login is unsuccessful with invalid credentials      &amp#27;[90m# src/test/resources/Features/positiveNegativeDatadriven.feature:17&amp#27;[0m
10:58:06.911 [main] INFO  stepDefinition_cucumber.Hooks - Launch Chrome Browser
10:58:10.447 [main] INFO  stepDefinition_cucumber.PositiveNegativeSteps - User is in the login page
  &amp#27;[32mGiven &amp#27;[0m&amp#27;[32ma user is on the login page&amp#27;[0m                                 &amp#27;[90m# stepDefinition_cucumber.PositiveNegativeSteps.navigateToLoginPage()&amp#27;[0m
10:58:11.074 [main] INFO  stepDefinition_cucumber.PositiveNegativeSteps - User has enter valid credentials
  &amp#27;[32mWhen &amp#27;[0m&amp#27;[32muser enters username "&amp#27;[0m&amp#27;[32m&amp#27;[1mmamunAbdullah&amp#27;[0m&amp#27;[32m" and password "&amp#27;[0m&amp#27;[32m&amp#27;[1m44444445&amp#27;[0m&amp#27;[32m"&amp#27;[0m &amp#27;[90m# stepDefinition_cucumber.PositiveNegativeSteps.enterUserCredentials(java.lang.String,java.lang.String)&amp#27;[0m
10:58:11.214 [main] INFO  stepDefinition_cucumber.PositiveNegativeSteps - User enter on login button
  &amp#27;[32mAnd &amp#27;[0m&amp#27;[32mclick on login button&amp#27;[0m                                         &amp#27;[90m# stepDefinition_cucumber.PositiveNegativeSteps.clickOnLoginButton()&amp#27;[0m
10:58:11.298 [main] INFO  stepDefinition_cucumber.PositiveNegativeSteps - User still in log in page
  &amp#27;[32mThen &amp#27;[0m&amp#27;[32muser is failed to login&amp#27;[0m                                      &amp#27;[90m# stepDefinition_cucumber.PositiveNegativeSteps.validateUserFailedToLogIN()&amp#27;[0m
10:58:12.712 [main] INFO  stepDefinition_cucumber.Hooks - Close Chrome Browser
]]></system-out>
    <system-err><![CDATA[Starting ChromeDriver 87.0.4280.88 (89e2380a3e36c3464b5dd1302349b1382549290d-refs/branch-heads/4280@{#1761}) on port 4036
Only local connections are allowed.
Please see https://chromedriver.chromium.org/security-considerations for suggestions on keeping ChromeDriver safe.
ChromeDriver was started successfully.
Dec 06, 2020 10:58:06 AM org.openqa.selenium.remote.ProtocolHandshake createSession
INFO: Detected dialect: W3C
]]></system-err>
  </testcase>
  <testcase name="Check login is successful with valid credentials for multiple users #1" classname="Test login functionalities" time="10.027">
    <system-out><![CDATA[
@LoginTest @DataDrivenTest
Scenario Outline: Check login is successful with valid credentials for multiple users &amp#27;[90m# src/test/resources/Features/positiveNegativeDatadriven.feature:31&amp#27;[0m
10:58:16.698 [main] INFO  stepDefinition_cucumber.Hooks - Launch Chrome Browser
10:58:20.615 [main] INFO  stepDefinition_cucumber.PositiveNegativeSteps - User is in the login page
  &amp#27;[32mGiven &amp#27;[0m&amp#27;[32ma user is on the login page&amp#27;[0m                                                   &amp#27;[90m# stepDefinition_cucumber.PositiveNegativeSteps.navigateToLoginPage()&amp#27;[0m
10:58:21.196 [main] INFO  stepDefinition_cucumber.PositiveNegativeSteps - User has enter valid credentials
  &amp#27;[32mWhen &amp#27;[0m&amp#27;[32muser enters username "&amp#27;[0m&amp#27;[32m&amp#27;[1mmamun&amp#27;[0m&amp#27;[32m" and password "&amp#27;[0m&amp#27;[32m&amp#27;[1m12345&amp#27;[0m&amp#27;[32m"&amp#27;[0m                              &amp#27;[90m# stepDefinition_cucumber.PositiveNegativeSteps.enterUserCredentials(java.lang.String,java.lang.String)&amp#27;[0m
10:58:21.366 [main] INFO  stepDefinition_cucumber.PositiveNegativeSteps - User enter on login button
  &amp#27;[32mAnd &amp#27;[0m&amp#27;[32mclick on login button&amp#27;[0m                                                           &amp#27;[90m# stepDefinition_cucumber.PositiveNegativeSteps.clickOnLoginButton()&amp#27;[0m
10:58:21.475 [main] INFO  stepDefinition_cucumber.PositiveNegativeSteps - User is in the home page
  &amp#27;[32mThen &amp#27;[0m&amp#27;[32muser is navigated to the home page&amp#27;[0m                                             &amp#27;[90m# stepDefinition_cucumber.PositiveNegativeSteps.validateUserLoggedSuccessfully()&amp#27;[0m
10:58:22.926 [main] INFO  stepDefinition_cucumber.Hooks - Close Chrome Browser
]]></system-out>
    <system-err><![CDATA[Starting ChromeDriver 87.0.4280.88 (89e2380a3e36c3464b5dd1302349b1382549290d-refs/branch-heads/4280@{#1761}) on port 45505
Only local connections are allowed.
Please see https://chromedriver.chromium.org/security-considerations for suggestions on keeping ChromeDriver safe.
ChromeDriver was started successfully.
Dec 06, 2020 10:58:16 AM org.openqa.selenium.remote.ProtocolHandshake createSession
INFO: Detected dialect: W3C
]]></system-err>
  </testcase>
  <testcase name="Check login is successful with valid credentials for multiple users #2" classname="Test login functionalities" time="11.267">
    <system-out><![CDATA[
@LoginTest @DataDrivenTest
Scenario Outline: Check login is successful with valid credentials for multiple users &amp#27;[90m# src/test/resources/Features/positiveNegativeDatadriven.feature:32&amp#27;[0m
10:58:26.919 [main] INFO  stepDefinition_cucumber.Hooks - Launch Chrome Browser
10:58:31.790 [main] INFO  stepDefinition_cucumber.PositiveNegativeSteps - User is in the login page
  &amp#27;[32mGiven &amp#27;[0m&amp#27;[32ma user is on the login page&amp#27;[0m                                                   &amp#27;[90m# stepDefinition_cucumber.PositiveNegativeSteps.navigateToLoginPage()&amp#27;[0m
10:58:32.264 [main] INFO  stepDefinition_cucumber.PositiveNegativeSteps - User has enter valid credentials
  &amp#27;[32mWhen &amp#27;[0m&amp#27;[32muser enters username "&amp#27;[0m&amp#27;[32m&amp#27;[1mHasan&amp#27;[0m&amp#27;[32m" and password "&amp#27;[0m&amp#27;[32m&amp#27;[1m12345&amp#27;[0m&amp#27;[32m"&amp#27;[0m                              &amp#27;[90m# stepDefinition_cucumber.PositiveNegativeSteps.enterUserCredentials(java.lang.String,java.lang.String)&amp#27;[0m
10:58:32.397 [main] INFO  stepDefinition_cucumber.PositiveNegativeSteps - User enter on login button
  &amp#27;[32mAnd &amp#27;[0m&amp#27;[32mclick on login button&amp#27;[0m                                                           &amp#27;[90m# stepDefinition_cucumber.PositiveNegativeSteps.clickOnLoginButton()&amp#27;[0m
10:58:32.457 [main] INFO  stepDefinition_cucumber.PositiveNegativeSteps - User is in the home page
  &amp#27;[32mThen &amp#27;[0m&amp#27;[32muser is navigated to the home page&amp#27;[0m                                             &amp#27;[90m# stepDefinition_cucumber.PositiveNegativeSteps.validateUserLoggedSuccessfully()&amp#27;[0m
10:58:33.971 [main] INFO  stepDefinition_cucumber.Hooks - Close Chrome Browser
]]></system-out>
    <system-err><![CDATA[Starting ChromeDriver 87.0.4280.88 (89e2380a3e36c3464b5dd1302349b1382549290d-refs/branch-heads/4280@{#1761}) on port 25608
Only local connections are allowed.
Please see https://chromedriver.chromium.org/security-considerations for suggestions on keeping ChromeDriver safe.
ChromeDriver was started successfully.
Dec 06, 2020 10:58:26 AM org.openqa.selenium.remote.ProtocolHandshake createSession
INFO: Detected dialect: W3C
]]></system-err>
  </testcase>
  <testcase name="verify monthly payment with input values #1" classname="Test monthly refiCalculator payment" time="20.746">
    <system-out><![CDATA[
@dataParameter
Scenario Outline: verify monthly payment with input values                  &amp#27;[90m# src/test/resources/Features/refiCalculator.feature:12&amp#27;[0m
10:58:37.889 [main] INFO  stepDefinition_cucumber.Hooks - Launch Chrome Browser
10:58:43.367 [main] INFO  stepDefinition_cucumber.refiCalculatorSteps_cucumber - User is in the home page
  &amp#27;[32mGiven &amp#27;[0m&amp#27;[32ma user is on the mortgage calculator homepage&amp#27;[0m                       &amp#27;[90m# stepDefinition_cucumber.refiCalculatorSteps_cucumber.homePage()&amp#27;[0m
10:58:46.870 [main] INFO  stepDefinition_cucumber.refiCalculatorSteps_cucumber - select refi Calculator
  &amp#27;[32mWhen &amp#27;[0m&amp#27;[32mmouse hover on Refinence and click on Refi Calculator&amp#27;[0m                &amp#27;[90m# stepDefinition_cucumber.refiCalculatorSteps_cucumber.mouseHover()&amp#27;[0m
10:58:46.877 [main] INFO  command_providers.WaitFor - Waiting for the locator By.id: HomeValueto be visible
10:58:50.953 [main] INFO  stepDefinition_cucumber.refiCalculatorSteps_cucumber - User enter all credential
  &amp#27;[32mAnd &amp#27;[0m&amp#27;[32muser entering "&amp#27;[0m&amp#27;[32m&amp#27;[1m500000&amp#27;[0m&amp#27;[32m","&amp#27;[0m&amp#27;[32m&amp#27;[1m70000&amp#27;[0m&amp#27;[32m","&amp#27;[0m&amp#27;[32m&amp#27;[1m25&amp#27;[0m&amp#27;[32m" and "&amp#27;[0m&amp#27;[32m&amp#27;[1m5&amp#27;[0m&amp#27;[32m" click on calculate button&amp#27;[0m &amp#27;[90m# stepDefinition_cucumber.refiCalculatorSteps_cucumber.enterData(java.lang.String,java.lang.String,java.lang.String,java.lang.String)&amp#27;[0m
10:58:51.048 [main] INFO  command_providers.ElementAssertions - This is the validation By.xpath: //*[@id='analysisDiv']/table[3]//td[2][text()='$2,513.74']does exist
10:58:52.998 [main] INFO  stepDefinition_cucumber.refiCalculatorSteps_cucumber - This is the validation of monthly payment
  &amp#27;[32mThen &amp#27;[0m&amp#27;[32mvalidate the monthly payment "&amp#27;[0m&amp#27;[32m&amp#27;[1m$2,513.74&amp#27;[0m&amp#27;[32m" and return to homepage&amp#27;[0m      &amp#27;[90m# stepDefinition_cucumber.refiCalculatorSteps_cucumber.validatePayment(java.lang.String)&amp#27;[0m
10:58:54.839 [main] INFO  stepDefinition_cucumber.Hooks - Close Chrome Browser
]]></system-out>
    <system-err><![CDATA[Starting ChromeDriver 87.0.4280.88 (89e2380a3e36c3464b5dd1302349b1382549290d-refs/branch-heads/4280@{#1761}) on port 46037
Only local connections are allowed.
Please see https://chromedriver.chromium.org/security-considerations for suggestions on keeping ChromeDriver safe.
ChromeDriver was started successfully.
Dec 06, 2020 10:58:37 AM org.openqa.selenium.remote.ProtocolHandshake createSession
INFO: Detected dialect: W3C
]]></system-err>
  </testcase>
  <testcase name="verify monthly payment with input values #2" classname="Test monthly refiCalculator payment" time="24.691">
    <system-out><![CDATA[
@dataParameter
Scenario Outline: verify monthly payment with input values                  &amp#27;[90m# src/test/resources/Features/refiCalculator.feature:13&amp#27;[0m
10:58:59.628 [main] INFO  stepDefinition_cucumber.Hooks - Launch Chrome Browser
10:59:08.732 [main] INFO  stepDefinition_cucumber.refiCalculatorSteps_cucumber - User is in the home page
  &amp#27;[32mGiven &amp#27;[0m&amp#27;[32ma user is on the mortgage calculator homepage&amp#27;[0m                       &amp#27;[90m# stepDefinition_cucumber.refiCalculatorSteps_cucumber.homePage()&amp#27;[0m
10:59:12.136 [main] INFO  stepDefinition_cucumber.refiCalculatorSteps_cucumber - select refi Calculator
  &amp#27;[32mWhen &amp#27;[0m&amp#27;[32mmouse hover on Refinence and click on Refi Calculator&amp#27;[0m                &amp#27;[90m# stepDefinition_cucumber.refiCalculatorSteps_cucumber.mouseHover()&amp#27;[0m
10:59:12.138 [main] INFO  command_providers.WaitFor - Waiting for the locator By.id: HomeValueto be visible
10:59:16.190 [main] INFO  stepDefinition_cucumber.refiCalculatorSteps_cucumber - User enter all credential
  &amp#27;[32mAnd &amp#27;[0m&amp#27;[32muser entering "&amp#27;[0m&amp#27;[32m&amp#27;[1m600000&amp#27;[0m&amp#27;[32m","&amp#27;[0m&amp#27;[32m&amp#27;[1m50000&amp#27;[0m&amp#27;[32m","&amp#27;[0m&amp#27;[32m&amp#27;[1m30&amp#27;[0m&amp#27;[32m" and "&amp#27;[0m&amp#27;[32m&amp#27;[1m6&amp#27;[0m&amp#27;[32m" click on calculate button&amp#27;[0m &amp#27;[90m# stepDefinition_cucumber.refiCalculatorSteps_cucumber.enterData(java.lang.String,java.lang.String,java.lang.String,java.lang.String)&amp#27;[0m
10:59:16.287 [main] INFO  command_providers.ElementAssertions - This is the validation By.xpath: //*[@id='analysisDiv']/table[3]//td[2][text()='$3,297.53']does exist
10:59:17.951 [main] INFO  stepDefinition_cucumber.refiCalculatorSteps_cucumber - This is the validation of monthly payment
  &amp#27;[32mThen &amp#27;[0m&amp#27;[32mvalidate the monthly payment "&amp#27;[0m&amp#27;[32m&amp#27;[1m$3,297.53&amp#27;[0m&amp#27;[32m" and return to homepage&amp#27;[0m      &amp#27;[90m# stepDefinition_cucumber.refiCalculatorSteps_cucumber.validatePayment(java.lang.String)&amp#27;[0m
10:59:19.459 [main] INFO  stepDefinition_cucumber.Hooks - Close Chrome Browser
]]></system-out>
    <system-err><![CDATA[Starting ChromeDriver 87.0.4280.88 (89e2380a3e36c3464b5dd1302349b1382549290d-refs/branch-heads/4280@{#1761}) on port 2594
Only local connections are allowed.
Please see https://chromedriver.chromium.org/security-considerations for suggestions on keeping ChromeDriver safe.
ChromeDriver was started successfully.
Dec 06, 2020 10:58:59 AM org.openqa.selenium.remote.ProtocolHandshake createSession
INFO: Detected dialect: W3C
]]></system-err>
  </testcase>
</testsuite>